2019-08-31 00:01:18.582  INFO 1180 --- [Thread-14] o.s.s.c.ThreadPoolTaskScheduler          : Shutting down ExecutorService 'taskScheduler'
2019-08-31 00:01:18.679  INFO 1180 --- [Thread-14] o.s.s.concurrent.ThreadPoolTaskExecutor  : Shutting down ExecutorService 'applicationTaskExecutor'
2019-08-31 00:01:18.688  INFO 1180 --- [Thread-14] com.alibaba.druid.pool.DruidDataSource   : {dataSource-1} closing ...
2019-08-31 00:01:18.694  INFO 1180 --- [Thread-14] com.alibaba.druid.pool.DruidDataSource   : {dataSource-1} closed
2019-08-31 00:01:30.153  INFO 7200 --- [main] cn.duan.community.CommunityApplication   : Starting CommunityApplication on DESKTOP-8P7TO5R with PID 7200 (C:\Users\86368\Desktop\community\target\classes started by Sir in C:\Users\86368\Desktop\community)
2019-08-31 00:01:30.162  INFO 7200 --- [main] cn.duan.community.CommunityApplication   : No active profile set, falling back to default profiles: default
2019-08-31 00:01:31.571  INFO 7200 --- [main] .s.d.r.c.RepositoryConfigurationDelegate : Multiple Spring Data modules found, entering strict repository configuration mode!
2019-08-31 00:01:31.575  INFO 7200 --- [main] .s.d.r.c.RepositoryConfigurationDelegate : Bootstrapping Spring Data repositories in DEFAULT mode.
2019-08-31 00:01:31.647  INFO 7200 --- [main] .s.d.r.c.RepositoryConfigurationDelegate : Finished Spring Data repository scanning in 52ms. Found 0 repository interfaces.
2019-08-31 00:01:32.246  INFO 7200 --- [main] trationDelegate$BeanPostProcessorChecker : Bean 'org.springframework.transaction.annotation.ProxyTransactionManagementConfiguration' of type [org.springframework.transaction.annotation.ProxyTransactionManagementConfiguration$$EnhancerBySpringCGLIB$$b280a72c] is not eligible for getting processed by all BeanPostProcessors (for example: not eligible for auto-proxying)
2019-08-31 00:01:32.796  INFO 7200 --- [main] o.s.b.w.embedded.tomcat.TomcatWebServer  : Tomcat initialized with port(s): 8888 (http)
2019-08-31 00:01:32.834  INFO 7200 --- [main] o.apache.catalina.core.StandardService   : Starting service [Tomcat]
2019-08-31 00:01:32.834  INFO 7200 --- [main] org.apache.catalina.core.StandardEngine  : Starting Servlet engine: [Apache Tomcat/9.0.22]
2019-08-31 00:01:33.024  INFO 7200 --- [main] o.a.c.c.C.[Tomcat].[localhost].[/]       : Initializing Spring embedded WebApplicationContext
2019-08-31 00:01:33.025  INFO 7200 --- [main] o.s.web.context.ContextLoader            : Root WebApplicationContext: initialization completed in 2734 ms
2019-08-31 00:01:33.291  INFO 7200 --- [main] c.a.d.s.b.a.DruidDataSourceAutoConfigure : Init DruidDataSource
2019-08-31 00:01:33.815  INFO 7200 --- [main] com.alibaba.druid.pool.DruidDataSource   : {dataSource-1} inited
2019-08-31 00:01:34.666  INFO 7200 --- [main] o.s.s.concurrent.ThreadPoolTaskExecutor  : Initializing ExecutorService 'applicationTaskExecutor'
2019-08-31 00:01:34.803  INFO 7200 --- [main] o.s.b.a.w.s.WelcomePageHandlerMapping    : Adding welcome page template: index
2019-08-31 00:01:34.891  WARN 7200 --- [main] org.thymeleaf.templatemode.TemplateMode  : [THYMELEAF][main] Template Mode 'HTML5' is deprecated. Using Template Mode 'HTML' instead.
2019-08-31 00:01:35.686  INFO 7200 --- [main] o.s.s.c.ThreadPoolTaskScheduler          : Initializing ExecutorService 'taskScheduler'
2019-08-31 00:01:36.176  INFO 7200 --- [main] o.s.b.w.embedded.tomcat.TomcatWebServer  : Tomcat started on port(s): 8888 (http) with context path ''
2019-08-31 00:01:36.182  INFO 7200 --- [main] cn.duan.community.CommunityApplication   : Started CommunityApplication in 7.23 seconds (JVM running for 9.491)
